<?xml version="1.0" encoding="UTF-8"?>
<testng-results ignored="0" total="1" passed="1" failed="0" skipped="0">
  <reporter-output>
  </reporter-output>
  <suite started-at="2023-12-29T21:46:33 IST" name="Default suite" finished-at="2023-12-29T21:46:33 IST" duration-ms="52">
    <groups>
    </groups>
    <test started-at="2023-12-29T21:46:33 IST" name="Default test" finished-at="2023-12-29T21:46:33 IST" duration-ms="52">
      <class name="test.Amrita">
        <test-method signature="display()[pri:0, instance:test.Amrita@49049a04]" started-at="2023-12-29T21:46:33 IST" name="display" finished-at="2023-12-29T21:46:33 IST" duration-ms="9" status="PASS">
          <reporter-output>
          </reporter-output>
        </test-method> <!-- display -->
      </class> <!-- test.Amrita -->
    </test> <!-- Default test -->
  </suite> <!-- Default suite -->
</testng-results>
